  4-13.cpp
  LINK : 没有找到 C:\C language\C progranm\C code\mingjieC\test\x64\Debug\test.exe 或上一个增量链接没有生成它；正在执行完全链接
4-13.obj : error LNK2005: main 已经在 4-2.obj 中定义
C:\C language\C progranm\C code\mingjieC\test\x64\Debug\test.exe : fatal error LNK1169: 找到一个或多个多重定义的符号
